{"sessionId": "aea738", "runId": "pre-fix", "hypothesisId": "H1", "location": "app.py:set_page_config", "message": "App bootstrap reached", "data": {"app_title": "نظام التسعير الذكي - مهووس"}, "timestamp": 1780307012317}
{"sessionId": "aea738", "runId": "pre-fix", "hypothesisId": "H1", "location": "app.py:set_page_config", "message": "App bootstrap reached", "data": {"app_title": "نظام التسعير الذكي - مهووس"}, "timestamp": 1780307016583}
{"sessionId": "aea738", "runId": "pre-fix", "hypothesisId": "H1", "location": "app.py:set_page_config", "message": "App bootstrap reached", "data": {"app_title": "نظام التسعير الذكي - مهووس"}, "timestamp": 1780307037230}
{"sessionId": "aea738", "runId": "pre-fix", "hypothesisId": "H1", "location": "app.py:set_page_config", "message": "App bootstrap reached", "data": {"app_title": "نظام التسعير الذكي - مهووس"}, "timestamp": 1780307038347}
{"sessionId": "aea738", "runId": "pre-fix", "hypothesisId": "H1", "location": "app.py:set_page_config", "message": "App bootstrap reached", "data": {"app_title": "نظام التسعير الذكي - مهووس"}, "timestamp": 1780307142304}
{"sessionId": "aea738", "runId": "pre-fix", "hypothesisId": "H1", "location": "app.py:set_page_config", "message": "App bootstrap reached", "data": {"app_title": "نظام التسعير الذكي - مهووس"}, "timestamp": 1780307149777}
{"sessionId": "aea738", "runId": "pre-fix", "hypothesisId": "H1", "location": "app.py:set_page_config", "message": "App bootstrap reached", "data": {"app_title": "نظام التسعير الذكي - مهووس"}, "timestamp": 1780307151967}
{"sessionId": "aea738", "runId": "pre-fix", "hypothesisId": "H1", "location": "app.py:set_page_config", "message": "App bootstrap reached", "data": {"app_title": "نظام التسعير الذكي - مهووس"}, "timestamp": 1780307153078}
{"sessionId": "aea738", "runId": "pre-fix", "hypothesisId": "H1", "location": "app.py:set_page_config", "message": "App bootstrap reached", "data": {"app_title": "نظام التسعير الذكي - مهووس"}, "timestamp": 1780307218953}
{"sessionId": "aea738", "runId": "pre-fix", "hypothesisId": "H1", "location": "app.py:set_page_config", "message": "App bootstrap reached", "data": {"app_title": "نظام التسعير الذكي - مهووس"}, "timestamp": 1780307234879}
{"sessionId": "aea738", "runId": "pre-fix", "hypothesisId": "H1", "location": "app.py:set_page_config", "message": "App bootstrap reached", "data": {"app_title": "نظام التسعير الذكي - مهووس"}, "timestamp": 1780307235337}
{"sessionId": "aea738", "runId": "pre-fix", "hypothesisId": "H1", "location": "app.py:set_page_config", "message": "App bootstrap reached", "data": {"app_title": "نظام التسعير الذكي - مهووس"}, "timestamp": 1780307238975}
{"sessionId": "aea738", "runId": "pre-fix", "hypothesisId": "H1", "location": "app.py:set_page_config", "message": "App bootstrap reached", "data": {"app_title": "نظام التسعير الذكي - مهووس"}, "timestamp": 1780307240019}
{"sessionId": "aea738", "runId": "pre-fix", "hypothesisId": "H1", "location": "app.py:set_page_config", "message": "App bootstrap reached", "data": {"app_title": "نظام التسعير الذكي - مهووس"}, "timestamp": 1780307250168}
{"sessionId": "aea738", "runId": "pre-fix", "hypothesisId": "H1", "location": "app.py:set_page_config", "message": "App bootstrap reached", "data": {"app_title": "نظام التسعير الذكي - مهووس"}, "timestamp": 1780307250359}
{"sessionId": "aea738", "runId": "pre-fix", "hypothesisId": "H1", "location": "app.py:set_page_config", "message": "App bootstrap reached", "data": {"app_title": "نظام التسعير الذكي - مهووس"}, "timestamp": 1780307257452}
{"sessionId": "aea738", "runId": "pre-fix", "hypothesisId": "H1", "location": "app.py:set_page_config", "message": "App bootstrap reached", "data": {"app_title": "نظام التسعير الذكي - مهووس"}, "timestamp": 1780307257636}
{"sessionId": "aea738", "runId": "pre-fix", "hypothesisId": "H1", "location": "app.py:set_page_config", "message": "App bootstrap reached", "data": {"app_title": "نظام التسعير الذكي - مهووس"}, "timestamp": 1780307261920}
{"sessionId": "aea738", "runId": "pre-fix", "hypothesisId": "H1", "location": "app.py:set_page_config", "message": "App bootstrap reached", "data": {"app_title": "نظام التسعير الذكي - مهووس"}, "timestamp": 1780307263020}
{"sessionId": "aea738", "runId": "pre-fix", "hypothesisId": "H1", "location": "app.py:set_page_config", "message": "App bootstrap reached", "data": {"app_title": "نظام التسعير الذكي - مهووس"}, "timestamp": 1780307546012}
{"sessionId": "aea738", "runId": "pre-fix", "hypothesisId": "H1", "location": "app.py:set_page_config", "message": "App bootstrap reached", "data": {"app_title": "نظام التسعير الذكي - مهووس"}, "timestamp": 1780307546807}
{"sessionId": "aea738", "runId": "pre-fix", "hypothesisId": "H1", "location": "app.py:set_page_config", "message": "App bootstrap reached", "data": {"app_title": "نظام التسعير الذكي - مهووس"}, "timestamp": 1780307575717}
{"sessionId": "aea738", "runId": "pre-fix", "hypothesisId": "H1", "location": "app.py:set_page_config", "message": "App bootstrap reached", "data": {"app_title": "نظام التسعير الذكي - مهووس"}, "timestamp": 1780307579141}
{"sessionId": "aea738", "runId": "pre-fix", "hypothesisId": "H1", "location": "app.py:set_page_config", "message": "App bootstrap reached", "data": {"app_title": "نظام التسعير الذكي - مهووس"}, "timestamp": 1780307580276}
{"sessionId": "aea738", "runId": "pre-fix", "hypothesisId": "H1", "location": "app.py:set_page_config", "message": "App bootstrap reached", "data": {"app_title": "نظام التسعير الذكي - مهووس"}, "timestamp": 1780307878549}
{"sessionId": "aea738", "runId": "pre-fix", "hypothesisId": "H1", "location": "app.py:set_page_config", "message": "App bootstrap reached", "data": {"app_title": "نظام التسعير الذكي - مهووس"}, "timestamp": 1780307881434}
{"sessionId": "aea738", "runId": "pre-fix", "hypothesisId": "H1", "location": "app.py:set_page_config", "message": "App bootstrap reached", "data": {"app_title": "نظام التسعير الذكي - مهووس"}, "timestamp": 1780308946160}
{"sessionId": "aea738", "runId": "pre-fix", "hypothesisId": "H1", "location": "app.py:set_page_config", "message": "App bootstrap reached", "data": {"app_title": "نظام التسعير الذكي - مهووس"}, "timestamp": 1780308946853}
{"sessionId": "aea738", "runId": "pre-fix", "hypothesisId": "H1", "location": "app.py:set_page_config", "message": "App bootstrap reached", "data": {"app_title": "نظام التسعير الذكي - مهووس"}, "timestamp": 1780308974029}
{"sessionId": "aea738", "runId": "pre-fix", "hypothesisId": "H1", "location": "app.py:set_page_config", "message": "App bootstrap reached", "data": {"app_title": "نظام التسعير الذكي - مهووس"}, "timestamp": 1780308990566}
{"sessionId": "aea738", "runId": "pre-fix", "hypothesisId": "H1", "location": "app.py:set_page_config", "message": "App bootstrap reached", "data": {"app_title": "نظام التسعير الذكي - مهووس"}, "timestamp": 1780308998526}
{"sessionId": "aea738", "runId": "pre-fix", "hypothesisId": "H1", "location": "app.py:set_page_config", "message": "App bootstrap reached", "data": {"app_title": "نظام التسعير الذكي - مهووس"}, "timestamp": 1780309015781}
{"sessionId": "aea738", "runId": "pre-fix", "hypothesisId": "H1", "location": "app.py:set_page_config", "message": "App bootstrap reached", "data": {"app_title": "نظام التسعير الذكي - مهووس"}, "timestamp": 1780309029131}
{"sessionId": "aea738", "runId": "pre-fix", "hypothesisId": "H1", "location": "app.py:set_page_config", "message": "App bootstrap reached", "data": {"app_title": "نظام التسعير الذكي - مهووس"}, "timestamp": 1780309062943}
{"sessionId": "aea738", "runId": "pre-fix", "hypothesisId": "H1", "location": "app.py:set_page_config", "message": "App bootstrap reached", "data": {"app_title": "نظام التسعير الذكي - مهووس"}, "timestamp": 1780309234996}
{"sessionId": "aea738", "runId": "pre-fix", "hypothesisId": "H1", "location": "app.py:set_page_config", "message": "App bootstrap reached", "data": {"app_title": "نظام التسعير الذكي - مهووس"}, "timestamp": 1780309238678}
{"sessionId": "aea738", "runId": "pre-fix", "hypothesisId": "H1", "location": "app.py:set_page_config", "message": "App bootstrap reached", "data": {"app_title": "نظام التسعير الذكي - مهووس"}, "timestamp": 1780309250683}
{"sessionId": "aea738", "runId": "pre-fix", "hypothesisId": "H2", "location": "app.py:missing_page_entry", "message": "Entered missing page", "data": {"has_results": false, "has_missing_key": false}, "timestamp": 1780309252971}
{"sessionId": "aea738", "runId": "pre-fix", "hypothesisId": "H1", "location": "app.py:set_page_config", "message": "App bootstrap reached", "data": {"app_title": "نظام التسعير الذكي - مهووس"}, "timestamp": 1780309259186}
{"sessionId": "aea738", "runId": "pre-fix", "hypothesisId": "H2", "location": "app.py:missing_page_entry", "message": "Entered missing page", "data": {"has_results": false, "has_missing_key": false}, "timestamp": 1780309260863}
{"sessionId": "aea738", "runId": "pre-fix", "hypothesisId": "H1", "location": "app.py:set_page_config", "message": "App bootstrap reached", "data": {"app_title": "نظام التسعير الذكي - مهووس"}, "timestamp": 1780309308045}
{"sessionId": "aea738", "runId": "pre-fix", "hypothesisId": "H1", "location": "app.py:set_page_config", "message": "App bootstrap reached", "data": {"app_title": "نظام التسعير الذكي - مهووس"}, "timestamp": 1780309311250}
{"sessionId": "aea738", "runId": "pre-fix", "hypothesisId": "H1", "location": "app.py:set_page_config", "message": "App bootstrap reached", "data": {"app_title": "نظام التسعير الذكي - مهووس"}, "timestamp": 1780309321546}
{"sessionId": "aea738", "runId": "pre-fix", "hypothesisId": "H1", "location": "app.py:set_page_config", "message": "App bootstrap reached", "data": {"app_title": "نظام التسعير الذكي - مهووس"}, "timestamp": 1780309377558}
{"sessionId": "aea738", "runId": "pre-fix", "hypothesisId": "H1", "location": "app.py:set_page_config", "message": "App bootstrap reached", "data": {"app_title": "نظام التسعير الذكي - مهووس"}, "timestamp": 1780309381124}
{"sessionId": "aea738", "runId": "pre-fix", "hypothesisId": "H1", "location": "app.py:set_page_config", "message": "App bootstrap reached", "data": {"app_title": "نظام التسعير الذكي - مهووس"}, "timestamp": 1780309382235}
{"sessionId": "aea738", "runId": "pre-fix", "hypothesisId": "H1", "location": "app.py:set_page_config", "message": "App bootstrap reached", "data": {"app_title": "نظام التسعير الذكي - مهووس"}, "timestamp": 1780309392376}
{"sessionId": "aea738", "runId": "pre-fix", "hypothesisId": "H1", "location": "app.py:set_page_config", "message": "App bootstrap reached", "data": {"app_title": "نظام التسعير الذكي - مهووس"}, "timestamp": 1780309401036}
{"sessionId": "aea738", "runId": "pre-fix", "hypothesisId": "H1", "location": "app.py:set_page_config", "message": "App bootstrap reached", "data": {"app_title": "نظام التسعير الذكي - مهووس"}, "timestamp": 1780309403323}
{"sessionId": "aea738", "runId": "pre-fix", "hypothesisId": "H1", "location": "app.py:set_page_config", "message": "App bootstrap reached", "data": {"app_title": "نظام التسعير الذكي - مهووس"}, "timestamp": 1780309407124}
{"sessionId": "aea738", "runId": "pre-fix", "hypothesisId": "H1", "location": "app.py:set_page_config", "message": "App bootstrap reached", "data": {"app_title": "نظام التسعير الذكي - مهووس"}, "timestamp": 1780309411605}
{"sessionId": "aea738", "runId": "pre-fix", "hypothesisId": "H1", "location": "app.py:set_page_config", "message": "App bootstrap reached", "data": {"app_title": "نظام التسعير الذكي - مهووس"}, "timestamp": 1780309412772}
{"sessionId": "aea738", "runId": "pre-fix", "hypothesisId": "H1", "location": "app.py:set_page_config", "message": "App bootstrap reached", "data": {"app_title": "نظام التسعير الذكي - مهووس"}, "timestamp": 1780309416130}
{"sessionId": "aea738", "runId": "pre-fix", "hypothesisId": "H1", "location": "app.py:set_page_config", "message": "App bootstrap reached", "data": {"app_title": "نظام التسعير الذكي - مهووس"}, "timestamp": 1780309422221}
{"sessionId": "aea738", "runId": "pre-fix", "hypothesisId": "H1", "location": "app.py:set_page_config", "message": "App bootstrap reached", "data": {"app_title": "نظام التسعير الذكي - مهووس"}, "timestamp": 1780309440503}
{"sessionId": "aea738", "runId": "pre-fix", "hypothesisId": "H1", "location": "app.py:set_page_config", "message": "App bootstrap reached", "data": {"app_title": "نظام التسعير الذكي - مهووس"}, "timestamp": 1780309447974}
{"sessionId": "aea738", "runId": "pre-fix", "hypothesisId": "H1", "location": "app.py:set_page_config", "message": "App bootstrap reached", "data": {"app_title": "نظام التسعير الذكي - مهووس"}, "timestamp": 1780309556466}
{"sessionId": "aea738", "runId": "pre-fix", "hypothesisId": "H1", "location": "app.py:set_page_config", "message": "App bootstrap reached", "data": {"app_title": "نظام التسعير الذكي - مهووس"}, "timestamp": 1780309560539}
{"sessionId": "aea738", "runId": "pre-fix", "hypothesisId": "H1", "location": "app.py:set_page_config", "message": "App bootstrap reached", "data": {"app_title": "نظام التسعير الذكي - مهووس"}, "timestamp": 1780309563867}
{"sessionId": "aea738", "runId": "pre-fix", "hypothesisId": "H1", "location": "app.py:set_page_config", "message": "App bootstrap reached", "data": {"app_title": "نظام التسعير الذكي - مهووس"}, "timestamp": 1780309569045}
{"sessionId": "aea738", "runId": "pre-fix", "hypothesisId": "H1", "location": "app.py:set_page_config", "message": "App bootstrap reached", "data": {"app_title": "نظام التسعير الذكي - مهووس"}, "timestamp": 1780309572609}
{"sessionId": "aea738", "runId": "pre-fix", "hypothesisId": "H1", "location": "app.py:set_page_config", "message": "App bootstrap reached", "data": {"app_title": "نظام التسعير الذكي - مهووس"}, "timestamp": 1780309575991}
{"sessionId": "aea738", "runId": "pre-fix", "hypothesisId": "H2", "location": "app.py:missing_page_entry", "message": "Entered missing page", "data": {"has_results": false, "has_missing_key": false}, "timestamp": 1780309577427}
{"sessionId": "aea738", "runId": "pre-fix", "hypothesisId": "H1", "location": "app.py:set_page_config", "message": "App bootstrap reached", "data": {"app_title": "نظام التسعير الذكي - مهووس"}, "timestamp": 1780309579211}
{"sessionId": "aea738", "runId": "pre-fix", "hypothesisId": "H1", "location": "app.py:set_page_config", "message": "App bootstrap reached", "data": {"app_title": "نظام التسعير الذكي - مهووس"}, "timestamp": 1780309590689}
{"sessionId": "aea738", "runId": "pre-fix", "hypothesisId": "H1", "location": "app.py:set_page_config", "message": "App bootstrap reached", "data": {"app_title": "نظام التسعير الذكي - مهووس"}, "timestamp": 1780309592968}
{"sessionId": "aea738", "runId": "pre-fix", "hypothesisId": "H1", "location": "app.py:set_page_config", "message": "App bootstrap reached", "data": {"app_title": "نظام التسعير الذكي - مهووس"}, "timestamp": 1780309594120}
{"sessionId": "aea738", "runId": "pre-fix", "hypothesisId": "H1", "location": "app.py:set_page_config", "message": "App bootstrap reached", "data": {"app_title": "نظام التسعير الذكي - مهووس"}, "timestamp": 1780309599703}
{"sessionId": "aea738", "runId": "pre-fix", "hypothesisId": "H1", "location": "app.py:set_page_config", "message": "App bootstrap reached", "data": {"app_title": "نظام التسعير الذكي - مهووس"}, "timestamp": 1780309613927}
{"sessionId": "aea738", "runId": "pre-fix", "hypothesisId": "H1", "location": "app.py:set_page_config", "message": "App bootstrap reached", "data": {"app_title": "نظام التسعير الذكي - مهووس"}, "timestamp": 1780309614470}
{"sessionId": "aea738", "runId": "pre-fix", "hypothesisId": "H1", "location": "app.py:set_page_config", "message": "App bootstrap reached", "data": {"app_title": "نظام التسعير الذكي - مهووس"}, "timestamp": 1780309642470}
{"sessionId": "aea738", "runId": "pre-fix", "hypothesisId": "H1", "location": "app.py:set_page_config", "message": "App bootstrap reached", "data": {"app_title": "نظام التسعير الذكي - مهووس"}, "timestamp": 1780309691694}
{"sessionId": "aea738", "runId": "pre-fix", "hypothesisId": "H2", "location": "app.py:missing_page_entry", "message": "Entered missing page", "data": {"has_results": true, "has_missing_key": true}, "timestamp": 1780309692209}
{"sessionId": "aea738", "runId": "pre-fix", "hypothesisId": "H4", "location": "app.py:missing_pipeline_ui", "message": "Missing pipeline rendered", "data": {"selected_count": 0, "policy": ""}, "timestamp": 1780309692253}
{"sessionId": "aea738", "runId": "pre-fix", "hypothesisId": "H3", "location": "app.py:missing_cards_loop", "message": "Rendering first missing card", "data": {"idx": "0", "name": "روبرتو كافالي أومو فيردي أبسولوتوعطور رجالية 100مل", "has_variant": false, "variant_product": ""}, "timestamp": 1780309692262}
{"sessionId": "aea738", "runId": "pre-fix", "hypothesisId": "H1", "location": "app.py:set_page_config", "message": "App bootstrap reached", "data": {"app_title": "نظام التسعير الذكي - مهووس"}, "timestamp": 1780309713380}
{"sessionId": "aea738", "runId": "pre-fix", "hypothesisId": "H2", "location": "app.py:missing_page_entry", "message": "Entered missing page", "data": {"has_results": true, "has_missing_key": true}, "timestamp": 1780309713859}
{"sessionId": "aea738", "runId": "pre-fix", "hypothesisId": "H4", "location": "app.py:missing_pipeline_ui", "message": "Missing pipeline rendered", "data": {"selected_count": 0, "policy": "⏸️ إيقاف وطلب قرار"}, "timestamp": 1780309713893}
{"sessionId": "aea738", "runId": "pre-fix", "hypothesisId": "H3", "location": "app.py:missing_cards_loop", "message": "Rendering first missing card", "data": {"idx": "0", "name": "روبرتو كافالي أومو فيردي أبسولوتوعطور رجالية 100مل", "has_variant": false, "variant_product": ""}, "timestamp": 1780309735864}
{"sessionId": "aea738", "runId": "pre-fix", "hypothesisId": "H1", "location": "app.py:set_page_config", "message": "App bootstrap reached", "data": {"app_title": "نظام التسعير الذكي - مهووس"}, "timestamp": 1780309763529}
{"sessionId": "aea738", "runId": "pre-fix", "hypothesisId": "H2", "location": "app.py:missing_page_entry", "message": "Entered missing page", "data": {"has_results": true, "has_missing_key": true}, "timestamp": 1780309764062}
{"sessionId": "aea738", "runId": "pre-fix", "hypothesisId": "H4", "location": "app.py:missing_pipeline_ui", "message": "Missing pipeline rendered", "data": {"selected_count": 0, "policy": "⏸️ إيقاف وطلب قرار"}, "timestamp": 1780309764095}
{"sessionId": "aea738", "runId": "pre-fix", "hypothesisId": "H3", "location": "app.py:missing_cards_loop", "message": "Rendering first missing card", "data": {"idx": "0", "name": "روبرتو كافالي أومو فيردي أبسولوتوعطور رجالية 100مل", "has_variant": false, "variant_product": ""}, "timestamp": 1780309764104}
{"sessionId": "aea738", "runId": "pre-fix", "hypothesisId": "H1", "location": "app.py:set_page_config", "message": "App bootstrap reached", "data": {"app_title": "نظام التسعير الذكي - مهووس"}, "timestamp": 1780309777268}
{"sessionId": "aea738", "runId": "pre-fix", "hypothesisId": "H2", "location": "app.py:missing_page_entry", "message": "Entered missing page", "data": {"has_results": true, "has_missing_key": true}, "timestamp": 1780309777795}
{"sessionId": "aea738", "runId": "pre-fix", "hypothesisId": "H4", "location": "app.py:missing_pipeline_ui", "message": "Missing pipeline rendered", "data": {"selected_count": 0, "policy": "⏸️ إيقاف وطلب قرار"}, "timestamp": 1780309777828}
{"sessionId": "aea738", "runId": "pre-fix", "hypothesisId": "H3", "location": "app.py:missing_cards_loop", "message": "Rendering first missing card", "data": {"idx": "0", "name": "روبرتو كافالي أومو فيردي أبسولوتوعطور رجالية 100مل", "has_variant": false, "variant_product": ""}, "timestamp": 1780309777837}
{"sessionId": "aea738", "runId": "pre-fix", "hypothesisId": "H1", "location": "app.py:set_page_config", "message": "App bootstrap reached", "data": {"app_title": "نظام التسعير الذكي - مهووس"}, "timestamp": 1780309778929}
{"sessionId": "aea738", "runId": "pre-fix", "hypothesisId": "H2", "location": "app.py:missing_page_entry", "message": "Entered missing page", "data": {"has_results": true, "has_missing_key": true}, "timestamp": 1780309779423}
{"sessionId": "aea738", "runId": "pre-fix", "hypothesisId": "H4", "location": "app.py:missing_pipeline_ui", "message": "Missing pipeline rendered", "data": {"selected_count": 0, "policy": "⏸️ إيقاف وطلب قرار"}, "timestamp": 1780309779456}
{"sessionId": "aea738", "runId": "pre-fix", "hypothesisId": "H3", "location": "app.py:missing_cards_loop", "message": "Rendering first missing card", "data": {"idx": "1", "name": "تستر جيرلان أوم او دو بارفيوم -100مل", "has_variant": false, "variant_product": ""}, "timestamp": 1780309779464}
{"sessionId": "aea738", "runId": "pre-fix", "hypothesisId": "H1", "location": "app.py:set_page_config", "message": "App bootstrap reached", "data": {"app_title": "نظام التسعير الذكي - مهووس"}, "timestamp": 1780310139626}
{"sessionId": "aea738", "runId": "pre-fix", "hypothesisId": "H1", "location": "app.py:set_page_config", "message": "App bootstrap reached", "data": {"app_title": "نظام التسعير الذكي - مهووس"}, "timestamp": 1780310145412}
{"sessionId": "aea738", "runId": "pre-fix", "hypothesisId": "H1", "location": "app.py:set_page_config", "message": "App bootstrap reached", "data": {"app_title": "نظام التسعير الذكي - مهووس"}, "timestamp": 1780311575370}
{"sessionId": "aea738", "runId": "pre-fix", "hypothesisId": "H1", "location": "app.py:set_page_config", "message": "App bootstrap reached", "data": {"app_title": "نظام التسعير الذكي - مهووس"}, "timestamp": 1780311751215}
{"sessionId": "aea738", "runId": "pre-fix", "hypothesisId": "H1", "location": "app.py:set_page_config", "message": "App bootstrap reached", "data": {"app_title": "نظام التسعير الذكي - مهووس"}, "timestamp": 1780311754095}
{"sessionId": "aea738", "runId": "pre-fix", "hypothesisId": "H1", "location": "app.py:set_page_config", "message": "App bootstrap reached", "data": {"app_title": "نظام التسعير الذكي - مهووس"}, "timestamp": 1780311760318}
{"sessionId": "aea738", "runId": "pre-fix", "hypothesisId": "H1", "location": "app.py:set_page_config", "message": "App bootstrap reached", "data": {"app_title": "نظام التسعير الذكي - مهووس"}, "timestamp": 1780311768499}
{"sessionId": "aea738", "runId": "pre-fix", "hypothesisId": "H1", "location": "app.py:set_page_config", "message": "App bootstrap reached", "data": {"app_title": "نظام التسعير الذكي - مهووس"}, "timestamp": 1780311769154}
{"sessionId": "aea738", "runId": "pre-fix", "hypothesisId": "H1", "location": "app.py:set_page_config", "message": "App bootstrap reached", "data": {"app_title": "نظام التسعير الذكي - مهووس"}, "timestamp": 1780311792820}
{"sessionId": "aea738", "runId": "pre-fix", "hypothesisId": "H1", "location": "app.py:set_page_config", "message": "App bootstrap reached", "data": {"app_title": "نظام التسعير الذكي - مهووس"}, "timestamp": 1780311818502}
{"sessionId": "aea738", "runId": "pre-fix", "hypothesisId": "H1", "location": "app.py:set_page_config", "message": "App bootstrap reached", "data": {"app_title": "نظام التسعير الذكي - مهووس"}, "timestamp": 1780311836069}
{"sessionId": "aea738", "runId": "pre-fix", "hypothesisId": "H1", "location": "app.py:set_page_config", "message": "App bootstrap reached", "data": {"app_title": "نظام التسعير الذكي - مهووس"}, "timestamp": 1780311837624}
{"sessionId": "aea738", "runId": "pre-fix", "hypothesisId": "H1", "location": "app.py:set_page_config", "message": "App bootstrap reached", "data": {"app_title": "نظام التسعير الذكي - مهووس"}, "timestamp": 1780311840286}
{"sessionId": "aea738", "runId": "pre-fix", "hypothesisId": "H1", "location": "app.py:set_page_config", "message": "App bootstrap reached", "data": {"app_title": "نظام التسعير الذكي - مهووس"}, "timestamp": 1780312531971}
{"sessionId": "aea738", "runId": "pre-fix", "hypothesisId": "H1", "location": "app.py:set_page_config", "message": "App bootstrap reached", "data": {"app_title": "نظام التسعير الذكي - مهووس"}, "timestamp": 1780313209656}
{"sessionId": "aea738", "runId": "pre-fix", "hypothesisId": "H1", "location": "app.py:set_page_config", "message": "App bootstrap reached", "data": {"app_title": "نظام التسعير الذكي - مهووس"}, "timestamp": 1780313210397}
{"sessionId": "aea738", "runId": "pre-fix", "hypothesisId": "H1", "location": "app.py:set_page_config", "message": "App bootstrap reached", "data": {"app_title": "نظام التسعير الذكي - مهووس"}, "timestamp": 1780313221349}
{"sessionId": "aea738", "runId": "pre-fix", "hypothesisId": "H1", "location": "app.py:set_page_config", "message": "App bootstrap reached", "data": {"app_title": "نظام التسعير الذكي - مهووس"}, "timestamp": 1780313221663}
{"sessionId": "aea738", "runId": "pre-fix", "hypothesisId": "H1", "location": "app.py:set_page_config", "message": "App bootstrap reached", "data": {"app_title": "نظام التسعير الذكي - مهووس"}, "timestamp": 1780313894821}
{"sessionId": "aea738", "runId": "pre-fix", "hypothesisId": "H1", "location": "app.py:set_page_config", "message": "App bootstrap reached", "data": {"app_title": "نظام التسعير الذكي - مهووس"}, "timestamp": 1780313907280}
{"sessionId": "aea738", "runId": "pre-fix", "hypothesisId": "H1", "location": "app.py:set_page_config", "message": "App bootstrap reached", "data": {"app_title": "نظام التسعير الذكي - مهووس"}, "timestamp": 1780313907678}
{"sessionId": "aea738", "runId": "pre-fix", "hypothesisId": "H1", "location": "app.py:set_page_config", "message": "App bootstrap reached", "data": {"app_title": "نظام التسعير الذكي - مهووس"}, "timestamp": 1780313914035}
{"sessionId": "aea738", "runId": "pre-fix", "hypothesisId": "H1", "location": "app.py:set_page_config", "message": "App bootstrap reached", "data": {"app_title": "نظام التسعير الذكي - مهووس"}, "timestamp": 1780313928071}
{"sessionId": "aea738", "runId": "pre-fix", "hypothesisId": "H1", "location": "app.py:set_page_config", "message": "App bootstrap reached", "data": {"app_title": "نظام التسعير الذكي - مهووس"}, "timestamp": 1780314158107}
{"sessionId": "aea738", "runId": "pre-fix", "hypothesisId": "H1", "location": "app.py:set_page_config", "message": "App bootstrap reached", "data": {"app_title": "نظام التسعير الذكي - مهووس"}, "timestamp": 1780314159819}
{"sessionId": "aea738", "runId": "pre-fix", "hypothesisId": "H1", "location": "app.py:set_page_config", "message": "App bootstrap reached", "data": {"app_title": "نظام التسعير الذكي - مهووس"}, "timestamp": 1780314160923}
{"sessionId": "aea738", "runId": "pre-fix", "hypothesisId": "H1", "location": "app.py:set_page_config", "message": "App bootstrap reached", "data": {"app_title": "نظام التسعير الذكي - مهووس"}, "timestamp": 1780314162751}
{"sessionId": "aea738", "runId": "pre-fix", "hypothesisId": "H1", "location": "app.py:set_page_config", "message": "App bootstrap reached", "data": {"app_title": "نظام التسعير الذكي - مهووس"}, "timestamp": 1780314163810}
{"sessionId": "aea738", "runId": "pre-fix", "hypothesisId": "H1", "location": "app.py:set_page_config", "message": "App bootstrap reached", "data": {"app_title": "نظام التسعير الذكي - مهووس"}, "timestamp": 1780314166359}
{"sessionId": "aea738", "runId": "pre-fix", "hypothesisId": "H1", "location": "app.py:set_page_config", "message": "App bootstrap reached", "data": {"app_title": "نظام التسعير الذكي - مهووس"}, "timestamp": 1780314168401}
{"sessionId": "aea738", "runId": "pre-fix", "hypothesisId": "H1", "location": "app.py:set_page_config", "message": "App bootstrap reached", "data": {"app_title": "نظام التسعير الذكي - مهووس"}, "timestamp": 1780314176094}
{"sessionId": "aea738", "runId": "pre-fix", "hypothesisId": "H1", "location": "app.py:set_page_config", "message": "App bootstrap reached", "data": {"app_title": "نظام التسعير الذكي - مهووس"}, "timestamp": 1780314178169}
{"sessionId": "aea738", "runId": "pre-fix", "hypothesisId": "H1", "location": "app.py:set_page_config", "message": "App bootstrap reached", "data": {"app_title": "نظام التسعير الذكي - مهووس"}, "timestamp": 1780314181718}
{"sessionId": "aea738", "runId": "pre-fix", "hypothesisId": "H1", "location": "app.py:set_page_config", "message": "App bootstrap reached", "data": {"app_title": "نظام التسعير الذكي - مهووس"}, "timestamp": 1780314183036}
{"sessionId": "aea738", "runId": "pre-fix", "hypothesisId": "H1", "location": "app.py:set_page_config", "message": "App bootstrap reached", "data": {"app_title": "نظام التسعير الذكي - مهووس"}, "timestamp": 1780314185073}
{"sessionId": "aea738", "runId": "pre-fix", "hypothesisId": "H1", "location": "app.py:set_page_config", "message": "App bootstrap reached", "data": {"app_title": "نظام التسعير الذكي - مهووس"}, "timestamp": 1780314218088}
{"sessionId": "aea738", "runId": "pre-fix", "hypothesisId": "H1", "location": "app.py:set_page_config", "message": "App bootstrap reached", "data": {"app_title": "نظام التسعير الذكي - مهووس"}, "timestamp": 1780314220947}
{"sessionId": "aea738", "runId": "pre-fix", "hypothesisId": "H2", "location": "app.py:missing_page_entry", "message": "Entered missing page", "data": {"has_results": false, "has_missing_key": false}, "timestamp": 1780314220971}
{"sessionId": "aea738", "runId": "pre-fix", "hypothesisId": "H1", "location": "app.py:set_page_config", "message": "App bootstrap reached", "data": {"app_title": "نظام التسعير الذكي - مهووس"}, "timestamp": 1780314222630}
{"sessionId": "aea738", "runId": "pre-fix", "hypothesisId": "H1", "location": "app.py:set_page_config", "message": "App bootstrap reached", "data": {"app_title": "نظام التسعير الذكي - مهووس"}, "timestamp": 1780314225099}
{"sessionId": "aea738", "runId": "pre-fix", "hypothesisId": "H1", "location": "app.py:set_page_config", "message": "App bootstrap reached", "data": {"app_title": "نظام التسعير الذكي - مهووس"}, "timestamp": 1780314225884}
{"sessionId": "aea738", "runId": "pre-fix", "hypothesisId": "H1", "location": "app.py:set_page_config", "message": "App bootstrap reached", "data": {"app_title": "نظام التسعير الذكي - مهووس"}, "timestamp": 1780314226427}
{"sessionId": "aea738", "runId": "pre-fix", "hypothesisId": "H1", "location": "app.py:set_page_config", "message": "App bootstrap reached", "data": {"app_title": "نظام التسعير الذكي - مهووس"}, "timestamp": 1780314228358}
{"sessionId": "aea738", "runId": "pre-fix", "hypothesisId": "H1", "location": "app.py:set_page_config", "message": "App bootstrap reached", "data": {"app_title": "نظام التسعير الذكي - مهووس"}, "timestamp": 1780314234057}
{"sessionId": "aea738", "runId": "pre-fix", "hypothesisId": "H1", "location": "app.py:set_page_config", "message": "App bootstrap reached", "data": {"app_title": "نظام التسعير الذكي - مهووس"}, "timestamp": 1780314235707}
{"sessionId": "aea738", "runId": "pre-fix", "hypothesisId": "H1", "location": "app.py:set_page_config", "message": "App bootstrap reached", "data": {"app_title": "نظام التسعير الذكي - مهووس"}, "timestamp": 1780314236668}
{"sessionId": "aea738", "runId": "pre-fix", "hypothesisId": "H1", "location": "app.py:set_page_config", "message": "App bootstrap reached", "data": {"app_title": "نظام التسعير الذكي - مهووس"}, "timestamp": 1780314237445}
{"sessionId": "aea738", "runId": "pre-fix", "hypothesisId": "H1", "location": "app.py:set_page_config", "message": "App bootstrap reached", "data": {"app_title": "نظام التسعير الذكي - مهووس"}, "timestamp": 1780314239324}
{"sessionId": "aea738", "runId": "pre-fix", "hypothesisId": "H1", "location": "app.py:set_page_config", "message": "App bootstrap reached", "data": {"app_title": "نظام التسعير الذكي - مهووس"}, "timestamp": 1780314370386}
{"sessionId": "aea738", "runId": "pre-fix", "hypothesisId": "H1", "location": "app.py:set_page_config", "message": "App bootstrap reached", "data": {"app_title": "نظام التسعير الذكي - مهووس"}, "timestamp": 1780314371260}
{"sessionId": "aea738", "runId": "pre-fix", "hypothesisId": "H1", "location": "app.py:set_page_config", "message": "App bootstrap reached", "data": {"app_title": "نظام التسعير الذكي - مهووس"}, "timestamp": 1780314372140}
{"sessionId": "aea738", "runId": "pre-fix", "hypothesisId": "H1", "location": "app.py:set_page_config", "message": "App bootstrap reached", "data": {"app_title": "نظام التسعير الذكي - مهووس"}, "timestamp": 1780314377108}
{"sessionId": "aea738", "runId": "pre-fix", "hypothesisId": "H1", "location": "app.py:set_page_config", "message": "App bootstrap reached", "data": {"app_title": "نظام التسعير الذكي - مهووس"}, "timestamp": 1780314377636}
{"sessionId": "aea738", "runId": "pre-fix", "hypothesisId": "H1", "location": "app.py:set_page_config", "message": "App bootstrap reached", "data": {"app_title": "نظام التسعير الذكي - مهووس"}, "timestamp": 1780314383819}
{"sessionId": "aea738", "runId": "pre-fix", "hypothesisId": "H1", "location": "app.py:set_page_config", "message": "App bootstrap reached", "data": {"app_title": "نظام التسعير الذكي - مهووس"}, "timestamp": 1780314385701}
{"sessionId": "aea738", "runId": "pre-fix", "hypothesisId": "H1", "location": "app.py:set_page_config", "message": "App bootstrap reached", "data": {"app_title": "نظام التسعير الذكي - مهووس"}, "timestamp": 1780314386407}
{"sessionId": "aea738", "runId": "pre-fix", "hypothesisId": "H1", "location": "app.py:set_page_config", "message": "App bootstrap reached", "data": {"app_title": "نظام التسعير الذكي - مهووس"}, "timestamp": 1780314389422}
{"sessionId": "aea738", "runId": "pre-fix", "hypothesisId": "H1", "location": "app.py:set_page_config", "message": "App bootstrap reached", "data": {"app_title": "نظام التسعير الذكي - مهووس"}, "timestamp": 1780314389750}
{"sessionId": "aea738", "runId": "pre-fix", "hypothesisId": "H1", "location": "app.py:set_page_config", "message": "App bootstrap reached", "data": {"app_title": "نظام التسعير الذكي - مهووس"}, "timestamp": 1780314397962}
{"sessionId": "aea738", "runId": "pre-fix", "hypothesisId": "H1", "location": "app.py:set_page_config", "message": "App bootstrap reached", "data": {"app_title": "نظام التسعير الذكي - مهووس"}, "timestamp": 1780314400991}
{"sessionId": "aea738", "runId": "pre-fix", "hypothesisId": "H1", "location": "app.py:set_page_config", "message": "App bootstrap reached", "data": {"app_title": "نظام التسعير الذكي - مهووس"}, "timestamp": 1780314401856}
{"sessionId": "aea738", "runId": "pre-fix", "hypothesisId": "H1", "location": "app.py:set_page_config", "message": "App bootstrap reached", "data": {"app_title": "نظام التسعير الذكي - مهووس"}, "timestamp": 1780314402592}
{"sessionId": "aea738", "runId": "pre-fix", "hypothesisId": "H1", "location": "app.py:set_page_config", "message": "App bootstrap reached", "data": {"app_title": "نظام التسعير الذكي - مهووس"}, "timestamp": 1780314403904}
{"sessionId": "aea738", "runId": "pre-fix", "hypothesisId": "H1", "location": "app.py:set_page_config", "message": "App bootstrap reached", "data": {"app_title": "نظام التسعير الذكي - مهووس"}, "timestamp": 1780314414243}
{"sessionId": "aea738", "runId": "pre-fix", "hypothesisId": "H1", "location": "app.py:set_page_config", "message": "App bootstrap reached", "data": {"app_title": "نظام التسعير الذكي - مهووس"}, "timestamp": 1780314417086}
{"sessionId": "aea738", "runId": "pre-fix", "hypothesisId": "H1", "location": "app.py:set_page_config", "message": "App bootstrap reached", "data": {"app_title": "نظام التسعير الذكي - مهووس"}, "timestamp": 1780314482207}
{"sessionId": "aea738", "runId": "pre-fix", "hypothesisId": "H1", "location": "app.py:set_page_config", "message": "App bootstrap reached", "data": {"app_title": "نظام التسعير الذكي - مهووس"}, "timestamp": 1780314495939}
{"sessionId": "aea738", "runId": "pre-fix", "hypothesisId": "H1", "location": "app.py:set_page_config", "message": "App bootstrap reached", "data": {"app_title": "نظام التسعير الذكي - مهووس"}, "timestamp": 1780314498082}
{"sessionId": "aea738", "runId": "pre-fix", "hypothesisId": "H1", "location": "app.py:set_page_config", "message": "App bootstrap reached", "data": {"app_title": "نظام التسعير الذكي - مهووس"}, "timestamp": 1780314501584}
{"sessionId": "aea738", "runId": "pre-fix", "hypothesisId": "H1", "location": "app.py:set_page_config", "message": "App bootstrap reached", "data": {"app_title": "نظام التسعير الذكي - مهووس"}, "timestamp": 1780314501934}
{"sessionId": "aea738", "runId": "pre-fix", "hypothesisId": "H1", "location": "app.py:set_page_config", "message": "App bootstrap reached", "data": {"app_title": "نظام التسعير الذكي - مهووس"}, "timestamp": 1780314722267}
{"sessionId": "aea738", "runId": "pre-fix", "hypothesisId": "H1", "location": "app.py:set_page_config", "message": "App bootstrap reached", "data": {"app_title": "نظام التسعير الذكي - مهووس"}, "timestamp": 1780314727250}
{"sessionId": "aea738", "runId": "pre-fix", "hypothesisId": "H1", "location": "app.py:set_page_config", "message": "App bootstrap reached", "data": {"app_title": "نظام التسعير الذكي - مهووس"}, "timestamp": 1780314733165}
{"sessionId": "aea738", "runId": "pre-fix", "hypothesisId": "H1", "location": "app.py:set_page_config", "message": "App bootstrap reached", "data": {"app_title": "نظام التسعير الذكي - مهووس"}, "timestamp": 1780314733668}
{"sessionId": "aea738", "runId": "pre-fix", "hypothesisId": "H1", "location": "app.py:set_page_config", "message": "App bootstrap reached", "data": {"app_title": "نظام التسعير الذكي - مهووس"}, "timestamp": 1780314741534}
{"sessionId": "aea738", "runId": "pre-fix", "hypothesisId": "H1", "location": "app.py:set_page_config", "message": "App bootstrap reached", "data": {"app_title": "نظام التسعير الذكي - مهووس"}, "timestamp": 1780314754467}
{"sessionId": "aea738", "runId": "pre-fix", "hypothesisId": "H1", "location": "app.py:set_page_config", "message": "App bootstrap reached", "data": {"app_title": "نظام التسعير الذكي - مهووس"}, "timestamp": 1780314759440}
{"sessionId": "aea738", "runId": "pre-fix", "hypothesisId": "H1", "location": "app.py:set_page_config", "message": "App bootstrap reached", "data": {"app_title": "نظام التسعير الذكي - مهووس"}, "timestamp": 1780314777058}
{"sessionId": "aea738", "runId": "pre-fix", "hypothesisId": "H1", "location": "app.py:set_page_config", "message": "App bootstrap reached", "data": {"app_title": "نظام التسعير الذكي - مهووس"}, "timestamp": 1780314807614}
{"sessionId": "aea738", "runId": "pre-fix", "hypothesisId": "H1", "location": "app.py:set_page_config", "message": "App bootstrap reached", "data": {"app_title": "نظام التسعير الذكي - مهووس"}, "timestamp": 1780314812156}
{"sessionId": "aea738", "runId": "pre-fix", "hypothesisId": "H1", "location": "app.py:set_page_config", "message": "App bootstrap reached", "data": {"app_title": "نظام التسعير الذكي - مهووس"}, "timestamp": 1780314835304}
{"sessionId": "aea738", "runId": "pre-fix", "hypothesisId": "H1", "location": "app.py:set_page_config", "message": "App bootstrap reached", "data": {"app_title": "نظام التسعير الذكي - مهووس"}, "timestamp": 1780314847326}
{"sessionId": "aea738", "runId": "pre-fix", "hypothesisId": "H1", "location": "app.py:set_page_config", "message": "App bootstrap reached", "data": {"app_title": "نظام التسعير الذكي - مهووس"}, "timestamp": 1780315290269}
{"sessionId": "aea738", "runId": "pre-fix", "hypothesisId": "H1", "location": "app.py:set_page_config", "message": "App bootstrap reached", "data": {"app_title": "نظام التسعير الذكي - مهووس"}, "timestamp": 1780315318544}
{"sessionId": "aea738", "runId": "pre-fix", "hypothesisId": "H1", "location": "app.py:set_page_config", "message": "App bootstrap reached", "data": {"app_title": "نظام التسعير الذكي - مهووس"}, "timestamp": 1780315322905}
{"sessionId": "aea738", "runId": "pre-fix", "hypothesisId": "H1", "location": "app.py:set_page_config", "message": "App bootstrap reached", "data": {"app_title": "نظام التسعير الذكي - مهووس"}, "timestamp": 1780315327307}
{"sessionId": "aea738", "runId": "pre-fix", "hypothesisId": "H1", "location": "app.py:set_page_config", "message": "App bootstrap reached", "data": {"app_title": "نظام التسعير الذكي - مهووس"}, "timestamp": 1780315341196}
{"sessionId": "aea738", "runId": "pre-fix", "hypothesisId": "H1", "location": "app.py:set_page_config", "message": "App bootstrap reached", "data": {"app_title": "نظام التسعير الذكي - مهووس"}, "timestamp": 1780315349723}
{"sessionId": "aea738", "runId": "pre-fix", "hypothesisId": "H1", "location": "app.py:set_page_config", "message": "App bootstrap reached", "data": {"app_title": "نظام التسعير الذكي - مهووس"}, "timestamp": 1780315355531}
{"sessionId": "aea738", "runId": "pre-fix", "hypothesisId": "H1", "location": "app.py:set_page_config", "message": "App bootstrap reached", "data": {"app_title": "نظام التسعير الذكي - مهووس"}, "timestamp": 1780315387366}
{"sessionId": "aea738", "runId": "pre-fix", "hypothesisId": "H1", "location": "app.py:set_page_config", "message": "App bootstrap reached", "data": {"app_title": "نظام التسعير الذكي - مهووس"}, "timestamp": 1780315606290}
{"sessionId": "aea738", "runId": "pre-fix", "hypothesisId": "H1", "location": "app.py:set_page_config", "message": "App bootstrap reached", "data": {"app_title": "نظام التسعير الذكي - مهووس"}, "timestamp": 1780315609984}
{"sessionId": "aea738", "runId": "pre-fix", "hypothesisId": "H1", "location": "app.py:set_page_config", "message": "App bootstrap reached", "data": {"app_title": "نظام التسعير الذكي - مهووس"}, "timestamp": 1780315621887}
{"sessionId": "aea738", "runId": "pre-fix", "hypothesisId": "H1", "location": "app.py:set_page_config", "message": "App bootstrap reached", "data": {"app_title": "نظام التسعير الذكي - مهووس"}, "timestamp": 1780315628628}
{"sessionId": "aea738", "runId": "pre-fix", "hypothesisId": "H1", "location": "app.py:set_page_config", "message": "App bootstrap reached", "data": {"app_title": "نظام التسعير الذكي - مهووس"}, "timestamp": 1780315633159}
{"sessionId": "aea738", "runId": "pre-fix", "hypothesisId": "H1", "location": "app.py:set_page_config", "message": "App bootstrap reached", "data": {"app_title": "نظام التسعير الذكي - مهووس"}, "timestamp": 1780315671204}
{"sessionId": "aea738", "runId": "pre-fix", "hypothesisId": "H1", "location": "app.py:set_page_config", "message": "App bootstrap reached", "data": {"app_title": "نظام التسعير الذكي - مهووس"}, "timestamp": 1780315900363}
{"sessionId": "aea738", "runId": "pre-fix", "hypothesisId": "H1", "location": "app.py:set_page_config", "message": "App bootstrap reached", "data": {"app_title": "نظام التسعير الذكي - مهووس"}, "timestamp": 1780315903679}
{"sessionId": "aea738", "runId": "pre-fix", "hypothesisId": "H1", "location": "app.py:set_page_config", "message": "App bootstrap reached", "data": {"app_title": "نظام التسعير الذكي - مهووس"}, "timestamp": 1780315907359}
{"sessionId": "aea738", "runId": "pre-fix", "hypothesisId": "H1", "location": "app.py:set_page_config", "message": "App bootstrap reached", "data": {"app_title": "نظام التسعير الذكي - مهووس"}, "timestamp": 1780315907985}
{"sessionId": "aea738", "runId": "pre-fix", "hypothesisId": "H1", "location": "app.py:set_page_config", "message": "App bootstrap reached", "data": {"app_title": "نظام التسعير الذكي - مهووس"}, "timestamp": 1780315978997}
{"sessionId": "aea738", "runId": "pre-fix", "hypothesisId": "H1", "location": "app.py:set_page_config", "message": "App bootstrap reached", "data": {"app_title": "نظام التسعير الذكي - مهووس"}, "timestamp": 1780316038593}
{"sessionId": "aea738", "runId": "pre-fix", "hypothesisId": "H1", "location": "app.py:set_page_config", "message": "App bootstrap reached", "data": {"app_title": "نظام التسعير الذكي - مهووس"}, "timestamp": 1780316046570}
{"sessionId": "aea738", "runId": "pre-fix", "hypothesisId": "H1", "location": "app.py:set_page_config", "message": "App bootstrap reached", "data": {"app_title": "نظام التسعير الذكي - مهووس"}, "timestamp": 1780316051924}
{"sessionId": "aea738", "runId": "pre-fix", "hypothesisId": "H1", "location": "app.py:set_page_config", "message": "App bootstrap reached", "data": {"app_title": "نظام التسعير الذكي - مهووس"}, "timestamp": 1780316059834}
{"sessionId": "aea738", "runId": "pre-fix", "hypothesisId": "H2", "location": "app.py:missing_page_entry", "message": "Entered missing page", "data": {"has_results": false, "has_missing_key": false}, "timestamp": 1780316062991}
{"sessionId": "aea738", "runId": "pre-fix", "hypothesisId": "H1", "location": "app.py:set_page_config", "message": "App bootstrap reached", "data": {"app_title": "نظام التسعير الذكي - مهووس"}, "timestamp": 1780316122682}
{"sessionId": "aea738", "runId": "pre-fix", "hypothesisId": "H1", "location": "app.py:set_page_config", "message": "App bootstrap reached", "data": {"app_title": "نظام التسعير الذكي - مهووس"}, "timestamp": 1780316168818}
{"sessionId": "aea738", "runId": "pre-fix", "hypothesisId": "H1", "location": "app.py:set_page_config", "message": "App bootstrap reached", "data": {"app_title": "نظام التسعير الذكي - مهووس"}, "timestamp": 1780316170758}
{"sessionId": "aea738", "runId": "pre-fix", "hypothesisId": "H1", "location": "app.py:set_page_config", "message": "App bootstrap reached", "data": {"app_title": "نظام التسعير الذكي - مهووس"}, "timestamp": 1780316427590}
{"sessionId": "aea738", "runId": "pre-fix", "hypothesisId": "H1", "location": "app.py:set_page_config", "message": "App bootstrap reached", "data": {"app_title": "نظام التسعير الذكي - مهووس"}, "timestamp": 1780316430671}
{"sessionId": "aea738", "runId": "pre-fix", "hypothesisId": "H1", "location": "app.py:set_page_config", "message": "App bootstrap reached", "data": {"app_title": "نظام التسعير الذكي - مهووس"}, "timestamp": 1780316433299}
{"sessionId": "aea738", "runId": "pre-fix", "hypothesisId": "H1", "location": "app.py:set_page_config", "message": "App bootstrap reached", "data": {"app_title": "نظام التسعير الذكي - مهووس"}, "timestamp": 1780316437720}
{"sessionId": "aea738", "runId": "pre-fix", "hypothesisId": "H1", "location": "app.py:set_page_config", "message": "App bootstrap reached", "data": {"app_title": "نظام التسعير الذكي - مهووس"}, "timestamp": 1780316440335}
{"sessionId": "aea738", "runId": "pre-fix", "hypothesisId": "H1", "location": "app.py:set_page_config", "message": "App bootstrap reached", "data": {"app_title": "نظام التسعير الذكي - مهووس"}, "timestamp": 1780316529383}
{"sessionId": "aea738", "runId": "pre-fix", "hypothesisId": "H1", "location": "app.py:set_page_config", "message": "App bootstrap reached", "data": {"app_title": "نظام التسعير الذكي - مهووس"}, "timestamp": 1780316531780}
{"sessionId": "aea738", "runId": "pre-fix", "hypothesisId": "H1", "location": "app.py:set_page_config", "message": "App bootstrap reached", "data": {"app_title": "نظام التسعير الذكي - مهووس"}, "timestamp": 1780316535215}
{"sessionId": "aea738", "runId": "pre-fix", "hypothesisId": "H1", "location": "app.py:set_page_config", "message": "App bootstrap reached", "data": {"app_title": "نظام التسعير الذكي - مهووس"}, "timestamp": 1780316540229}
{"sessionId": "aea738", "runId": "pre-fix", "hypothesisId": "H1", "location": "app.py:set_page_config", "message": "App bootstrap reached", "data": {"app_title": "نظام التسعير الذكي - مهووس"}, "timestamp": 1780316670012}
{"sessionId": "aea738", "runId": "pre-fix", "hypothesisId": "H1", "location": "app.py:set_page_config", "message": "App bootstrap reached", "data": {"app_title": "نظام التسعير الذكي - مهووس"}, "timestamp": 1780316672953}
{"sessionId": "aea738", "runId": "pre-fix", "hypothesisId": "H1", "location": "app.py:set_page_config", "message": "App bootstrap reached", "data": {"app_title": "نظام التسعير الذكي - مهووس"}, "timestamp": 1780316675192}
{"sessionId": "aea738", "runId": "pre-fix", "hypothesisId": "H2", "location": "app.py:missing_page_entry", "message": "Entered missing page", "data": {"has_results": false, "has_missing_key": false}, "timestamp": 1780316676322}
{"sessionId": "aea738", "runId": "pre-fix", "hypothesisId": "H1", "location": "app.py:set_page_config", "message": "App bootstrap reached", "data": {"app_title": "نظام التسعير الذكي - مهووس"}, "timestamp": 1780316677277}
{"sessionId": "aea738", "runId": "pre-fix", "hypothesisId": "H1", "location": "app.py:set_page_config", "message": "App bootstrap reached", "data": {"app_title": "نظام التسعير الذكي - مهووس"}, "timestamp": 1780316682496}
{"sessionId": "aea738", "runId": "pre-fix", "hypothesisId": "H1", "location": "app.py:set_page_config", "message": "App bootstrap reached", "data": {"app_title": "نظام التسعير الذكي - مهووس"}, "timestamp": 1780316685035}
{"sessionId": "aea738", "runId": "pre-fix", "hypothesisId": "H1", "location": "app.py:set_page_config", "message": "App bootstrap reached", "data": {"app_title": "نظام التسعير الذكي - مهووس"}, "timestamp": 1780316689361}
{"sessionId": "aea738", "runId": "pre-fix", "hypothesisId": "H1", "location": "app.py:set_page_config", "message": "App bootstrap reached", "data": {"app_title": "نظام التسعير الذكي - مهووس"}, "timestamp": 1780316690847}
{"sessionId": "aea738", "runId": "pre-fix", "hypothesisId": "H1", "location": "app.py:set_page_config", "message": "App bootstrap reached", "data": {"app_title": "نظام التسعير الذكي - مهووس"}, "timestamp": 1780316692423}
{"sessionId": "aea738", "runId": "pre-fix", "hypothesisId": "H1", "location": "app.py:set_page_config", "message": "App bootstrap reached", "data": {"app_title": "نظام التسعير الذكي - مهووس"}, "timestamp": 1780316698494}
{"sessionId": "aea738", "runId": "pre-fix", "hypothesisId": "H1", "location": "app.py:set_page_config", "message": "App bootstrap reached", "data": {"app_title": "نظام التسعير الذكي - مهووس"}, "timestamp": 1780316700853}
{"sessionId": "aea738", "runId": "pre-fix", "hypothesisId": "H1", "location": "app.py:set_page_config", "message": "App bootstrap reached", "data": {"app_title": "نظام التسعير الذكي - مهووس"}, "timestamp": 1780316701729}
{"sessionId": "aea738", "runId": "pre-fix", "hypothesisId": "H1", "location": "app.py:set_page_config", "message": "App bootstrap reached", "data": {"app_title": "نظام التسعير الذكي - مهووس"}, "timestamp": 1780316702630}
{"sessionId": "aea738", "runId": "pre-fix", "hypothesisId": "H1", "location": "app.py:set_page_config", "message": "App bootstrap reached", "data": {"app_title": "نظام التسعير الذكي - مهووس"}, "timestamp": 1780316703763}
{"sessionId": "aea738", "runId": "pre-fix", "hypothesisId": "H1", "location": "app.py:set_page_config", "message": "App bootstrap reached", "data": {"app_title": "نظام التسعير الذكي - مهووس"}, "timestamp": 1780316706359}
{"sessionId": "aea738", "runId": "pre-fix", "hypothesisId": "H1", "location": "app.py:set_page_config", "message": "App bootstrap reached", "data": {"app_title": "نظام التسعير الذكي - مهووس"}, "timestamp": 1780317325538}
{"sessionId": "aea738", "runId": "pre-fix", "hypothesisId": "H1", "location": "app.py:set_page_config", "message": "App bootstrap reached", "data": {"app_title": "نظام التسعير الذكي - مهووس"}, "timestamp": 1780334247228}
{"sessionId": "aea738", "runId": "pre-fix", "hypothesisId": "H1", "location": "app.py:set_page_config", "message": "App bootstrap reached", "data": {"app_title": "نظام التسعير الذكي - مهووس"}, "timestamp": 1780334250970}
{"sessionId": "aea738", "runId": "pre-fix", "hypothesisId": "H1", "location": "app.py:set_page_config", "message": "App bootstrap reached", "data": {"app_title": "نظام التسعير الذكي - مهووس"}, "timestamp": 1780334252319}
{"sessionId": "aea738", "runId": "pre-fix", "hypothesisId": "H1", "location": "app.py:set_page_config", "message": "App bootstrap reached", "data": {"app_title": "نظام التسعير الذكي - مهووس"}, "timestamp": 1780334260497}
{"sessionId": "aea738", "runId": "pre-fix", "hypothesisId": "H1", "location": "app.py:set_page_config", "message": "App bootstrap reached", "data": {"app_title": "نظام التسعير الذكي - مهووس"}, "timestamp": 1780334263413}
